#
# There is insufficient memory for the Java Runtime Environment to continue.
# Native memory allocation (malloc) failed to allocate 657856 bytes for Chunk::new
# Possible reasons:
#   The system is out of physical RAM or swap space
#   In 32 bit mode, the process size limit was hit
# Possible solutions:
#   Reduce memory load on the system
#   Increase physical memory or swap space
#   Check if swap backing store is full
#   Use 64 bit Java on a 64 bit OS
#   Decrease Java heap size (-Xmx/-Xms)
#   Decrease number of Java threads
#   Decrease Java thread stack sizes (-Xss)
#   Set larger code cache with -XX:ReservedCodeCacheSize=
# This output file may be truncated or incomplete.
#
#  Out of Memory Error (allocation.cpp:390), pid=6300, tid=0x00000000000007f0
#
# JRE version: OpenJDK Runtime Environment (8.0_152-b06) (build 1.8.0_152-release-1136-b06)
# Java VM: OpenJDK 64-Bit Server VM (25.152-b06 mixed mode windows-amd64 compressed oops)
# Failed to write core dump. Minidumps are not enabled by default on client versions of Windows
#

---------------  T H R E A D  ---------------

Current thread (0x00000000156b4000):  JavaThread "C2 CompilerThread0" daemon [_thread_in_native, id=2032, stack(0x00000000166e0000,0x00000000167e0000)]

Stack: [0x00000000166e0000,0x00000000167e0000]
[error occurred during error reporting (printing stack bounds), id 0xc0000005]

Native frames: (J=compiled Java code, j=interpreted, Vv=VM code, C=native code)


Current CompileTask:
C2:  17358 3541       4       java.lang.reflect.Method::toString (20 bytes)


---------------  P R O C E S S  ---------------

Java Threads: ( => current thread )
  0x0000000018187000 JavaThread "Memory manager" [_thread_blocked, id=3904, stack(0x000000001e050000,0x000000001e150000)]
  0x0000000018188800 JavaThread "Build operations Thread 2" [_thread_blocked, id=888, stack(0x000000001d8f0000,0x000000001d9f0000)]
  0x0000000018182800 JavaThread "Build operations" [_thread_blocked, id=3520, stack(0x000000001d7f0000,0x000000001d8f0000)]
  0x0000000018184800 JavaThread "Cache worker for Artifact transforms cache (C:\Users\user\.gradle\caches\transforms-1)" [_thread_blocked, id=6548, stack(0x000000001d2f0000,0x000000001d3f0000)]
  0x0000000018184000 JavaThread "Cache worker for file hash cache (C:\Users\user\Desktop\Wasta\.gradle\4.6\fileHashes)" [_thread_blocked, id=3580, stack(0x000000001aa50000,0x000000001ab50000)]
  0x00000000183f0800 JavaThread "File lock request listener" [_thread_in_native, id=6956, stack(0x0000000019980000,0x0000000019a80000)]
  0x0000000017d27800 JavaThread "Cache worker for file hash cache (C:\Users\user\.gradle\caches\4.6\fileHashes)" [_thread_blocked, id=4816, stack(0x0000000019880000,0x0000000019980000)]
  0x0000000017c79800 JavaThread "Stdin handler" [_thread_blocked, id=6208, stack(0x0000000019580000,0x0000000019680000)]
  0x0000000017cbf800 JavaThread "Asynchronous log dispatcher for DefaultDaemonConnection: socket connection from /127.0.0.1:65321 to /127.0.0.1:65322" [_thread_blocked, id=7600, stack(0x0000000019480000,0x0000000019580000)]
  0x0000000017cbb000 JavaThread "Daemon worker" [_thread_in_vm, id=5924, stack(0x0000000019380000,0x0000000019480000)]
  0x0000000017cbc800 JavaThread "Cancel handler" [_thread_blocked, id=7656, stack(0x0000000019280000,0x0000000019380000)]
  0x0000000017f35800 JavaThread "Handler for socket connection from /127.0.0.1:65321 to /127.0.0.1:65322" [_thread_in_native, id=7136, stack(0x0000000018f80000,0x0000000019080000)]
  0x0000000017edc800 JavaThread "Daemon" [_thread_blocked, id=3876, stack(0x0000000018e80000,0x0000000018f80000)]
  0x0000000017e07800 JavaThread "Daemon periodic checks" [_thread_blocked, id=996, stack(0x0000000018d80000,0x0000000018e80000)]
  0x0000000017a78800 JavaThread "Incoming local TCP Connector on port 65321" [_thread_in_native, id=7576, stack(0x0000000018b90000,0x0000000018c90000)]
  0x0000000015718800 JavaThread "Service Thread" daemon [_thread_blocked, id=6104, stack(0x00000000168e0000,0x00000000169e0000)]
  0x000000001570e800 JavaThread "C1 CompilerThread1" daemon [_thread_in_native, id=7416, stack(0x00000000167e0000,0x00000000168e0000)]
=>0x00000000156b4000 JavaThread "C2 CompilerThread0" daemon [_thread_in_native, id=2032, stack(0x00000000166e0000,0x00000000167e0000)]
  0x00000000156bf800 JavaThread "Attach Listener" daemon [_thread_blocked, id=3108, stack(0x00000000165e0000,0x00000000166e0000)]
  0x00000000156be000 JavaThread "Signal Dispatcher" daemon [_thread_blocked, id=1780, stack(0x00000000164e0000,0x00000000165e0000)]
  0x00000000156a0800 JavaThread "Finalizer" daemon [_thread_blocked, id=7348, stack(0x0000000016300000,0x0000000016400000)]
  0x0000000015675000 JavaThread "Reference Handler" daemon [_thread_blocked, id=8008, stack(0x0000000016200000,0x0000000016300000)]
  0x0000000001e92800 JavaThread "main" [_thread_blocked, id=7172, stack(0x0000000001cc0000,0x0000000001dc0000)]

Other Threads:
  0x000000001566d000 VMThread [stack: 0x0000000016100000,0x0000000016200000] [id=8064]
  0x000000001571b000 WatcherThread [stack: 0x00000000169e0000,0x0000000016ae0000] [id=3244]

VM state:not at safepoint (normal execution)

VM Mutex/Monitor currently owned by a thread: None

Heap:
 PSYoungGen      total 126976K, used 36952K [0x00000000e0000000, 0x00000000ea480000, 0x0000000100000000)
  eden space 120832K, 30% used [0x00000000e0000000,0x00000000e2416290,0x00000000e7600000)
  from space 6144K, 0% used [0x00000000e8200000,0x00000000e8200000,0x00000000e8800000)
  to   space 12288K, 0% used [0x00000000e7600000,0x00000000e7600000,0x00000000e8200000)
 ParOldGen       total 36352K, used 15836K [0x00000000a0000000, 0x00000000a2380000, 0x00000000e0000000)
  object space 36352K, 43% used [0x00000000a0000000,0x00000000a0f773b0,0x00000000a2380000)
 Metaspace       used 37644K, capacity 38382K, committed 38528K, reserved 1083392K
  class space    used 5173K, capacity 5456K, committed 5504K, reserved 1048576K

Card table byte_map: [0x0000000011350000,0x0000000011660000] byte_map_base: 0x0000000010e50000

Marking Bits: (ParMarkBitMap*) 0x0000000056b25aa0
 Begin Bits: [0x0000000011a60000, 0x0000000013260000)
 End Bits:   [0x0000000013260000, 0x0000000014a60000)

Polling page: 0x0000000000560000

CodeCache: size=245760Kb used=10534Kb max_used=10534Kb free=235225Kb
 bounds [0x0000000001f90000, 0x00000000029f0000, 0x0000000010f90000]
 total_blobs=4059 nmethods=3350 adapters=622
 compilation: enabled

Compilation events (10 events):
Event: 17.339 Thread 0x000000001570e800 nmethod 3562 0x00000000029d90d0 code [0x00000000029d9260, 0x00000000029d9628]
Event: 17.340 Thread 0x000000001570e800 3563   !   3       java.util.Locale::getDefault (132 bytes)
Event: 17.341 Thread 0x000000001570e800 nmethod 3563 0x00000000029d9810 code [0x00000000029d99e0, 0x00000000029da1f8]
Event: 17.343 Thread 0x000000001570e800 3564       3       org.gradle.model.internal.type.ClassTypeWrapper::getRawClass (5 bytes)
Event: 17.344 Thread 0x000000001570e800 nmethod 3564 0x00000000029da450 code [0x00000000029da5c0, 0x00000000029da910]
Event: 17.344 Thread 0x000000001570e800 3565       3       com.google.common.collect.ImmutableMap::keySet (5 bytes)
Event: 17.345 Thread 0x000000001570e800 nmethod 3565 0x00000000029daa10 code [0x00000000029dab80, 0x00000000029dad88]
Event: 17.345 Thread 0x000000001570e800 3566       3       org.gradle.model.internal.type.ModelType::equals (33 bytes)
Event: 17.346 Thread 0x000000001570e800 nmethod 3566 0x00000000029dae10 code [0x00000000029dafa0, 0x00000000029db448]
Event: 17.348 Thread 0x000000001570e800 3568       3       sun.reflect.generics.visitor.Reifier::visitClassTypeSignature (381 bytes)

GC Heap History (10 events):
Event: 7.751 GC heap before
{Heap before GC invocations=8 (full 1):
 PSYoungGen      total 69632K, used 6343K [0x00000000e0000000, 0x00000000e8a00000, 0x0000000100000000)
  eden space 62464K, 0% used [0x00000000e0000000,0x00000000e0000000,0x00000000e3d00000)
  from space 7168K, 88% used [0x00000000e3d00000,0x00000000e4331c40,0x00000000e4400000)
  to   space 8192K, 0% used [0x00000000e8200000,0x00000000e8200000,0x00000000e8a00000)
 ParOldGen       total 42496K, used 6964K [0x00000000a0000000, 0x00000000a2980000, 0x00000000e0000000)
  object space 42496K, 16% used [0x00000000a0000000,0x00000000a06cd0d8,0x00000000a2980000)
 Metaspace       used 20805K, capacity 21200K, committed 21248K, reserved 1067008K
  class space    used 2906K, capacity 3039K, committed 3072K, reserved 1048576K
Event: 7.890 GC heap after
Heap after GC invocations=8 (full 1):
 PSYoungGen      total 69632K, used 0K [0x00000000e0000000, 0x00000000e8a00000, 0x0000000100000000)
  eden space 62464K, 0% used [0x00000000e0000000,0x00000000e0000000,0x00000000e3d00000)
  from space 7168K, 0% used [0x00000000e3d00000,0x00000000e3d00000,0x00000000e4400000)
  to   space 8192K, 0% used [0x00000000e8200000,0x00000000e8200000,0x00000000e8a00000)
 ParOldGen       total 36352K, used 10899K [0x00000000a0000000, 0x00000000a2380000, 0x00000000e0000000)
  object space 36352K, 29% used [0x00000000a0000000,0x00000000a0aa4d18,0x00000000a2380000)
 Metaspace       used 20805K, capacity 21200K, committed 21248K, reserved 1067008K
  class space    used 2906K, capacity 3039K, committed 3072K, reserved 1048576K
}
Event: 10.236 GC heap before
{Heap before GC invocations=9 (full 1):
 PSYoungGen      total 69632K, used 62464K [0x00000000e0000000, 0x00000000e8a00000, 0x0000000100000000)
  eden space 62464K, 100% used [0x00000000e0000000,0x00000000e3d00000,0x00000000e3d00000)
  from space 7168K, 0% used [0x00000000e3d00000,0x00000000e3d00000,0x00000000e4400000)
  to   space 8192K, 0% used [0x00000000e8200000,0x00000000e8200000,0x00000000e8a00000)
 ParOldGen       total 36352K, used 10899K [0x00000000a0000000, 0x00000000a2380000, 0x00000000e0000000)
  object space 36352K, 29% used [0x00000000a0000000,0x00000000a0aa4d18,0x00000000a2380000)
 Metaspace       used 25782K, capacity 26194K, committed 26368K, reserved 1071104K
  class space    used 3605K, capacity 3759K, committed 3840K, reserved 1048576K
Event: 10.290 GC heap after
Heap after GC invocations=9 (full 1):
 PSYoungGen      total 107520K, used 6127K [0x00000000e0000000, 0x00000000e8800000, 0x0000000100000000)
  eden space 101376K, 0% used [0x00000000e0000000,0x00000000e0000000,0x00000000e6300000)
  from space 6144K, 99% used [0x00000000e8200000,0x00000000e87fbde8,0x00000000e8800000)
  to   space 8192K, 0% used [0x00000000e7800000,0x00000000e7800000,0x00000000e8000000)
 ParOldGen       total 36352K, used 10907K [0x00000000a0000000, 0x00000000a2380000, 0x00000000e0000000)
  object space 36352K, 30% used [0x00000000a0000000,0x00000000a0aa6d18,0x00000000a2380000)
 Metaspace       used 25782K, capacity 26194K, committed 26368K, reserved 1071104K
  class space    used 3605K, capacity 3759K, committed 3840K, reserved 1048576K
}
Event: 14.582 GC heap before
{Heap before GC invocations=10 (full 1):
 PSYoungGen      total 107520K, used 107503K [0x00000000e0000000, 0x00000000e8800000, 0x0000000100000000)
  eden space 101376K, 100% used [0x00000000e0000000,0x00000000e6300000,0x00000000e6300000)
  from space 6144K, 99% used [0x00000000e8200000,0x00000000e87fbde8,0x00000000e8800000)
  to   space 8192K, 0% used [0x00000000e7800000,0x00000000e7800000,0x00000000e8000000)
 ParOldGen       total 36352K, used 10907K [0x00000000a0000000, 0x00000000a2380000, 0x00000000e0000000)
  object space 36352K, 30% used [0x00000000a0000000,0x00000000a0aa6d18,0x00000000a2380000)
 Metaspace       used 32249K, capacity 32902K, committed 33280K, reserved 1077248K
  class space    used 4523K, capacity 4757K, committed 4864K, reserved 1048576K
Event: 14.935 GC heap after
Heap after GC invocations=10 (full 1):
 PSYoungGen      total 109568K, used 8176K [0x00000000e0000000, 0x00000000e8800000, 0x0000000100000000)
  eden space 101376K, 0% used [0x00000000e0000000,0x00000000e0000000,0x00000000e6300000)
  from space 8192K, 99% used [0x00000000e7800000,0x00000000e7ffc030,0x00000000e8000000)
  to   space 6144K, 0% used [0x00000000e8200000,0x00000000e8200000,0x00000000e8800000)
 ParOldGen       total 36352K, used 15524K [0x00000000a0000000, 0x00000000a2380000, 0x00000000e0000000)
  object space 36352K, 42% used [0x00000000a0000000,0x00000000a0f292d8,0x00000000a2380000)
 Metaspace       used 32249K, capacity 32902K, committed 33280K, reserved 1077248K
  class space    used 4523K, capacity 4757K, committed 4864K, reserved 1048576K
}
Event: 15.595 GC heap before
{Heap before GC invocations=11 (full 1):
 PSYoungGen      total 109568K, used 18972K [0x00000000e0000000, 0x00000000e8800000, 0x0000000100000000)
  eden space 101376K, 10% used [0x00000000e0000000,0x00000000e0a8b1d0,0x00000000e6300000)
  from space 8192K, 99% used [0x00000000e7800000,0x00000000e7ffc030,0x00000000e8000000)
  to   space 6144K, 0% used [0x00000000e8200000,0x00000000e8200000,0x00000000e8800000)
 ParOldGen       total 36352K, used 15524K [0x00000000a0000000, 0x00000000a2380000, 0x00000000e0000000)
  object space 36352K, 42% used [0x00000000a0000000,0x00000000a0f292d8,0x00000000a2380000)
 Metaspace       used 34600K, capacity 35286K, committed 35416K, reserved 1079296K
  class space    used 4849K, capacity 5084K, committed 5120K, reserved 1048576K
Event: 15.620 GC heap after
Heap after GC invocations=11 (full 1):
 PSYoungGen      total 126976K, used 6128K [0x00000000e0000000, 0x00000000ea480000, 0x0000000100000000)
  eden space 120832K, 0% used [0x00000000e0000000,0x00000000e0000000,0x00000000e7600000)
  from space 6144K, 99% used [0x00000000e8200000,0x00000000e87fc010,0x00000000e8800000)
  to   space 12288K, 0% used [0x00000000e7600000,0x00000000e7600000,0x00000000e8200000)
 ParOldGen       total 36352K, used 18669K [0x00000000a0000000, 0x00000000a2380000, 0x00000000e0000000)
  object space 36352K, 51% used [0x00000000a0000000,0x00000000a123b7f0,0x00000000a2380000)
 Metaspace       used 34600K, capacity 35286K, committed 35416K, reserved 1079296K
  class space    used 4849K, capacity 5084K, committed 5120K, reserved 1048576K
}
Event: 15.620 GC heap before
{Heap before GC invocations=12 (full 2):
 PSYoungGen      total 126976K, used 6128K [0x00000000e0000000, 0x00000000ea480000, 0x0000000100000000)
  eden space 120832K, 0% used [0x00000000e0000000,0x00000000e0000000,0x00000000e7600000)
  from space 6144K, 99% used [0x00000000e8200000,0x00000000e87fc010,0x00000000e8800000)
  to   space 12288K, 0% used [0x00000000e7600000,0x00000000e7600000,0x00000000e8200000)
 ParOldGen       total 36352K, used 18669K [0x00000000a0000000, 0x00000000a2380000, 0x00000000e0000000)
  object space 36352K, 51% used [0x00000000a0000000,0x00000000a123b7f0,0x00000000a2380000)
 Metaspace       used 34600K, capacity 35286K, committed 35416K, reserved 1079296K
  class space    used 4849K, capacity 5084K, committed 5120K, reserved 1048576K
Event: 15.866 GC heap after
Heap after GC invocations=12 (full 2):
 PSYoungGen      total 126976K, used 0K [0x00000000e0000000, 0x00000000ea480000, 0x0000000100000000)
  eden space 120832K, 0% used [0x00000000e0000000,0x00000000e0000000,0x00000000e7600000)
  from space 6144K, 0% used [0x00000000e8200000,0x00000000e8200000,0x00000000e8800000)
  to   space 12288K, 0% used [0x00000000e7600000,0x00000000e7600000,0x00000000e8200000)
 ParOldGen       total 36352K, used 15836K [0x00000000a0000000, 0x00000000a2380000, 0x00000000e0000000)
  object space 36352K, 43% used [0x00000000a0000000,0x00000000a0f773b0,0x00000000a2380000)
 Metaspace       used 34600K, capacity 35286K, committed 35416K, reserved 1079296K
  class space    used 4849K, capacity 5084K, committed 5120K, reserved 1048576K
}

Deoptimization events (10 events):
Event: 11.650 Thread 0x0000000017cbb000 Uncommon trap: reason=class_check action=maybe_recompile pc=0x00000000025182c0 method=java.lang.reflect.Method.equals(Ljava/lang/Object;)Z @ 5
Event: 11.650 Thread 0x0000000017cbb000 Uncommon trap: reason=class_check action=maybe_recompile pc=0x00000000025182c0 method=java.lang.reflect.Method.equals(Ljava/lang/Object;)Z @ 5
Event: 11.738 Thread 0x0000000017cbb000 Uncommon trap: reason=unstable_if action=reinterpret pc=0x00000000026c633c method=java.net.URLClassLoader.isSealed(Ljava/lang/String;Ljava/util/jar/Manifest;)Z @ 26
Event: 11.739 Thread 0x0000000017cbb000 Uncommon trap: reason=unstable_if action=reinterpret pc=0x0000000002751800 method=java.net.URLClassLoader.isSealed(Ljava/lang/String;Ljava/util/jar/Manifest;)Z @ 26
Event: 12.522 Thread 0x0000000017cbb000 Uncommon trap: reason=unstable_if action=reinterpret pc=0x000000000277ab20 method=java.net.URI.match(CJJ)Z @ 45
Event: 14.407 Thread 0x0000000017cbb000 Uncommon trap: reason=class_check action=maybe_recompile pc=0x00000000027c3508 method=java.io.BufferedInputStream.read1([BII)I @ 39
Event: 14.407 Thread 0x0000000017cbb000 Uncommon trap: reason=class_check action=maybe_recompile pc=0x00000000027c3508 method=java.io.BufferedInputStream.read1([BII)I @ 39
Event: 14.407 Thread 0x0000000017cbb000 Uncommon trap: reason=class_check action=maybe_recompile pc=0x00000000027c3508 method=java.io.BufferedInputStream.read1([BII)I @ 39
Event: 15.134 Thread 0x0000000017cbb000 Uncommon trap: reason=unstable_if action=reinterpret pc=0x00000000020b563c method=sun.misc.MetaIndex.mayContain(Ljava/lang/String;)Z @ 38
Event: 17.017 Thread 0x0000000017cbb000 Uncommon trap: reason=unstable_if action=reinterpret pc=0x0000000002400bf8 method=java.util.HashMap.resize()[Ljava/util/HashMap$Node; @ 206

Classes redefined (0 events):
No events

Internal exceptions (10 events):
Event: 14.038 Thread 0x0000000017cbb000 Exception <a 'java/lang/ClassNotFoundException': org/gradle/api/internal/ConventionTaskBeanInfo> (0x00000000e5990408) thrown at [D:\src\AOSP-openjdk-cygwin\jdk8u\hotspot\src\share\vm\classfile\systemDictionary.cpp, line 210]
Event: 14.040 Thread 0x0000000017cbb000 Exception <a 'java/lang/ClassNotFoundException': org/gradle/api/DefaultTaskBeanInfo> (0x00000000e59b4f60) thrown at [D:\src\AOSP-openjdk-cygwin\jdk8u\hotspot\src\share\vm\classfile\systemDictionary.cpp, line 210]
Event: 14.042 Thread 0x0000000017cbb000 Exception <a 'java/lang/ClassNotFoundException': org/gradle/api/internal/AbstractTaskBeanInfo> (0x00000000e59e08a8) thrown at [D:\src\AOSP-openjdk-cygwin\jdk8u\hotspot\src\share\vm\classfile\systemDictionary.cpp, line 210]
Event: 14.044 Thread 0x0000000017cbb000 Exception <a 'java/lang/ClassNotFoundException': org/gradle/api/internal/AbstractTaskCustomizer> (0x00000000e5a0ce50) thrown at [D:\src\AOSP-openjdk-cygwin\jdk8u\hotspot\src\share\vm\classfile\systemDictionary.cpp, line 210]
Event: 14.052 Thread 0x0000000017cbb000 Exception <a 'java/lang/ClassNotFoundException': org/gradle/api/DefaultTaskCustomizer> (0x00000000e5a98368) thrown at [D:\src\AOSP-openjdk-cygwin\jdk8u\hotspot\src\share\vm\classfile\systemDictionary.cpp, line 210]
Event: 14.055 Thread 0x0000000017cbb000 Exception <a 'java/lang/ClassNotFoundException': org/gradle/api/internal/ConventionTaskCustomizer> (0x00000000e5ad4508) thrown at [D:\src\AOSP-openjdk-cygwin\jdk8u\hotspot\src\share\vm\classfile\systemDictionary.cpp, line 210]
Event: 14.058 Thread 0x0000000017cbb000 Exception <a 'java/lang/ClassNotFoundException': org/gradle/api/tasks/DeleteCustomizer> (0x00000000e5b0e100) thrown at [D:\src\AOSP-openjdk-cygwin\jdk8u\hotspot\src\share\vm\classfile\systemDictionary.cpp, line 210]
Event: 14.064 Thread 0x0000000017cbb000 Exception <a 'java/lang/ClassNotFoundException': org/gradle/api/tasks/Delete_DecoratedCustomizer> (0x00000000e5b56078) thrown at [D:\src\AOSP-openjdk-cygwin\jdk8u\hotspot\src\share\vm\classfile\systemDictionary.cpp, line 210]
Event: 14.247 Thread 0x0000000017cbb000 Exception <a 'java/lang/ClassNotFoundException': build_59pavhwqz9kbnako59o4r0ctxBeanInfo> (0x00000000e5c5e1d8) thrown at [D:\src\AOSP-openjdk-cygwin\jdk8u\hotspot\src\share\vm\classfile\systemDictionary.cpp, line 210]
Event: 14.248 Thread 0x0000000017cbb000 Exception <a 'java/lang/ClassNotFoundException': build_59pavhwqz9kbnako59o4r0ctxCustomizer> (0x00000000e5c68bd0) thrown at [D:\src\AOSP-openjdk-cygwin\jdk8u\hotspot\src\share\vm\classfile\systemDictionary.cpp, line 210]

Events (10 events):
Event: 17.089 loading class org/apache/tools/ant/BuildEvent
Event: 17.089 loading class org/apache/tools/ant/BuildEvent done
Event: 17.135 loading class org/apache/tools/ant/RuntimeConfigurable
Event: 17.135 loading class org/apache/tools/ant/RuntimeConfigurable done
Event: 17.231 loading class org/gradle/api/component/SoftwareComponent
Event: 17.231 loading class org/gradle/api/component/SoftwareComponent done
Event: 17.313 loading class org/gradle/model/internal/manage/schema/ScalarCollectionSchema
Event: 17.313 loading class org/gradle/model/internal/manage/schema/ScalarCollectionSchema done
Event: 17.313 loading class org/gradle/model/internal/manage/schema/extract/JavaUtilCollectionStrategy$1
Event: 17.314 loading class org/gradle/model/internal/manage/schema/extract/JavaUtilCollectionStrategy$1 done


Dynamic libraries:
0x00007ff6f9390000 - 0x00007ff6f93c1000 	C:\Program Files\Android\Android Studio\jre\bin\java.exe
0x00007ff8970c0000 - 0x00007ff897269000 	C:\Windows\SYSTEM32\ntdll.dll
0x00007ff896da0000 - 0x00007ff896eda000 	C:\Windows\system32\KERNEL32.DLL
0x00007ff8946f0000 - 0x00007ff8947ff000 	C:\Windows\system32\KERNELBASE.dll
0x00007ff8968d0000 - 0x00007ff896975000 	C:\Windows\system32\ADVAPI32.dll
0x00007ff896c20000 - 0x00007ff896d91000 	C:\Windows\system32\USER32.dll
0x00007ff892060000 - 0x00007ff8922ba000 	C:\Windows\WinSxS\amd64_microsoft.windows.common-controls_6595b64144ccf1df_6.0.9600.16384_none_62475f7becb72503\COMCTL32.dll
0x00007ff897010000 - 0x00007ff8970b7000 	C:\Windows\system32\msvcrt.dll
0x00007ff894c30000 - 0x00007ff894c87000 	C:\Windows\SYSTEM32\sechost.dll
0x00007ff894ca0000 - 0x00007ff894dd6000 	C:\Windows\system32\RPCRT4.dll
0x00007ff894ae0000 - 0x00007ff894c25000 	C:\Windows\system32\GDI32.dll
0x00007ff896f10000 - 0x00007ff896f44000 	C:\Windows\system32\IMM32.DLL
0x00007ff894ef0000 - 0x00007ff895029000 	C:\Windows\system32\MSCTF.dll
0x00000000561a0000 - 0x0000000056272000 	C:\Program Files\Android\Android Studio\jre\jre\bin\msvcr100.dll
0x0000000056360000 - 0x0000000056ba1000 	C:\Program Files\Android\Android Studio\jre\jre\bin\server\jvm.dll
0x00007ff88bb20000 - 0x00007ff88bb29000 	C:\Windows\SYSTEM32\WSOCK32.dll
0x00007ff889820000 - 0x00007ff88983f000 	C:\Windows\SYSTEM32\WINMM.dll
0x00007ff889480000 - 0x00007ff88948a000 	C:\Windows\SYSTEM32\VERSION.dll
0x00007ff894c90000 - 0x00007ff894c97000 	C:\Windows\system32\PSAPI.DLL
0x00007ff894de0000 - 0x00007ff894e38000 	C:\Windows\system32\WS2_32.dll
0x00007ff8897e0000 - 0x00007ff88980a000 	C:\Windows\SYSTEM32\WINMMBASE.dll
0x00007ff8968c0000 - 0x00007ff8968c9000 	C:\Windows\system32\NSI.dll
0x00007ff8948b0000 - 0x00007ff8948fa000 	C:\Windows\SYSTEM32\cfgmgr32.dll
0x00007ff8932d0000 - 0x00007ff8932f6000 	C:\Windows\SYSTEM32\DEVOBJ.dll
0x00007ff88f810000 - 0x00007ff88f81f000 	C:\Program Files\Android\Android Studio\jre\jre\bin\verify.dll
0x00007ff88b090000 - 0x00007ff88b0b9000 	C:\Program Files\Android\Android Studio\jre\jre\bin\java.dll
0x00007ff88c730000 - 0x00007ff88c746000 	C:\Program Files\Android\Android Studio\jre\jre\bin\zip.dll
0x00007ff895090000 - 0x00007ff89649e000 	C:\Windows\system32\SHELL32.dll
0x00007ff8966e0000 - 0x00007ff8968b7000 	C:\Windows\SYSTEM32\combase.dll
0x00007ff895030000 - 0x00007ff895081000 	C:\Windows\system32\SHLWAPI.dll
0x00007ff892a90000 - 0x00007ff892b31000 	C:\Windows\SYSTEM32\SHCORE.dll
0x00007ff894440000 - 0x00007ff894454000 	C:\Windows\SYSTEM32\profapi.dll
0x00007ff88c200000 - 0x00007ff88c21a000 	C:\Program Files\Android\Android Studio\jre\jre\bin\net.dll
0x00007ff893ca0000 - 0x00007ff893cf8000 	C:\Windows\system32\mswsock.dll
0x00007ff88aab0000 - 0x00007ff88aac1000 	C:\Program Files\Android\Android Studio\jre\jre\bin\nio.dll
0x00007ff88bd80000 - 0x00007ff88bd9e000 	C:\Users\user\.gradle\native\25\windows-amd64\native-platform.dll
0x00007ff88f7e0000 - 0x00007ff88f7ed000 	C:\Program Files\Android\Android Studio\jre\jre\bin\management.dll
0x00007ff893d00000 - 0x00007ff893d1e000 	C:\Windows\SYSTEM32\CRYPTSP.dll
0x00007ff893940000 - 0x00007ff893975000 	C:\Windows\system32\rsaenh.dll
0x00007ff893f30000 - 0x00007ff893f56000 	C:\Windows\SYSTEM32\bcrypt.dll
0x00007ff893a50000 - 0x00007ff893a6f000 	C:\Windows\SYSTEM32\USERENV.dll
0x00007ff894250000 - 0x00007ff8942ae000 	C:\Windows\system32\bcryptprimitives.dll
0x00007ff8943b0000 - 0x00007ff8943ba000 	C:\Windows\SYSTEM32\CRYPTBASE.dll
0x00007ff88eb10000 - 0x00007ff88eb39000 	C:\Windows\SYSTEM32\IPHLPAPI.DLL
0x00007ff88eaf0000 - 0x00007ff88eafa000 	C:\Windows\SYSTEM32\WINNSI.DLL
0x00007ff88e650000 - 0x00007ff88e664000 	C:\Windows\SYSTEM32\dhcpcsvc6.DLL
0x00007ff88e630000 - 0x00007ff88e649000 	C:\Windows\SYSTEM32\dhcpcsvc.DLL

VM Arguments:
jvm_args: -Xmx1536m -Dfile.encoding=windows-1252 -Duser.country=US -Duser.language=en -Duser.variant 
java_command: org.gradle.launcher.daemon.bootstrap.GradleDaemon 4.6
java_class_path (initial): C:\Users\user\.gradle\wrapper\dists\gradle-4.6-all\bcst21l2brirad8k2ben1letg\gradle-4.6\lib\gradle-launcher-4.6.jar
Launcher Type: SUN_STANDARD

Environment Variables:
PATH=C:\Program Files (x86)\Common Files\Oracle\Java\javapath;C:\Windows\system32;C:\Windows;C:\Windows\System32\Wbem;C:\Windows\System32\WindowsPowerShell\v1.0\
USERNAME=user
OS=Windows_NT
PROCESSOR_IDENTIFIER=Intel64 Family 6 Model 76 Stepping 4, GenuineIntel



---------------  S Y S T E M  ---------------

OS: Windows 8.1 , 64 bit Build 9600 (6.3.9600.16384)

CPU:total 2 (initial active 2) (2 cores per cpu, 1 threads per core) family 6 model 76 stepping 4, cmov, cx8, fxsr, mmx, sse, sse2, sse3, ssse3, sse4.1, sse4.2, popcnt, aes, clmul, erms, 3dnowpref, tsc, tscinvbit

Memory: 4k page, physical 4037340k(647208k free), swap 6037856k(5064k free)

vm_info: OpenJDK 64-Bit Server VM (25.152-b06) for windows-amd64 JRE (1.8.0_152-release-1136-b06), built by "builder" with MS VC++ 10.0 (VS2010)

time: Wed Feb 20 15:34:47 2019
elapsed time: 17 seconds (0d 0h 0m 17s)

