#
# There is insufficient memory for the Java Runtime Environment to continue.
# Native memory allocation (malloc) failed to allocate 281776 bytes for Chunk::new
# Possible reasons:
#   The system is out of physical RAM or swap space
#   In 32 bit mode, the process size limit was hit
# Possible solutions:
#   Reduce memory load on the system
#   Increase physical memory or swap space
#   Check if swap backing store is full
#   Use 64 bit Java on a 64 bit OS
#   Decrease Java heap size (-Xmx/-Xms)
#   Decrease number of Java threads
#   Decrease Java thread stack sizes (-Xss)
#   Set larger code cache with -XX:ReservedCodeCacheSize=
# This output file may be truncated or incomplete.
#
#  Out of Memory Error (allocation.cpp:390), pid=5132, tid=0x0000000000001cdc
#
# JRE version: OpenJDK Runtime Environment (8.0_152-b06) (build 1.8.0_152-release-1136-b06)
# Java VM: OpenJDK 64-Bit Server VM (25.152-b06 mixed mode windows-amd64 compressed oops)
# Failed to write core dump. Minidumps are not enabled by default on client versions of Windows
#

---------------  T H R E A D  ---------------

Current thread (0x0000000015958800):  JavaThread "C2 CompilerThread0" daemon [_thread_in_native, id=7388, stack(0x0000000016970000,0x0000000016a70000)]

Stack: [0x0000000016970000,0x0000000016a70000]
[error occurred during error reporting (printing stack bounds), id 0xc0000005]

Native frames: (J=compiled Java code, j=interpreted, Vv=VM code, C=native code)


Current CompileTask:
C2:  15401 2419       4       java.io.WinNTFileSystem::normalize (143 bytes)


---------------  P R O C E S S  ---------------

Java Threads: ( => current thread )
  0x00000000176ce800 JavaThread "Cache worker for Artifact transforms cache (C:\Users\user\.gradle\caches\transforms-1)" [_thread_blocked, id=6836, stack(0x000000001d780000,0x000000001d880000)]
  0x00000000176cd000 JavaThread "Cache worker for file hash cache (C:\Users\user\Desktop\Wasta\.gradle\4.6\fileHashes)" [_thread_blocked, id=3292, stack(0x000000001ace0000,0x000000001ade0000)]
  0x00000000173e3000 JavaThread "File lock request listener" [_thread_in_native, id=2824, stack(0x0000000019c10000,0x0000000019d10000)]
  0x0000000018353000 JavaThread "Cache worker for file hash cache (C:\Users\user\.gradle\caches\4.6\fileHashes)" [_thread_blocked, id=8040, stack(0x0000000019b10000,0x0000000019c10000)]
  0x000000001816e000 JavaThread "Stdin handler" [_thread_blocked, id=8152, stack(0x0000000019810000,0x0000000019910000)]
  0x000000001816d000 JavaThread "Asynchronous log dispatcher for DefaultDaemonConnection: socket connection from /127.0.0.1:65096 to /127.0.0.1:65097" [_thread_blocked, id=4732, stack(0x0000000019710000,0x0000000019810000)]
  0x0000000018169000 JavaThread "Daemon worker" [_thread_in_vm, id=7232, stack(0x0000000019610000,0x0000000019710000)]
  0x0000000018168000 JavaThread "Cancel handler" [_thread_blocked, id=7800, stack(0x0000000019510000,0x0000000019610000)]
  0x00000000182b9000 JavaThread "Handler for socket connection from /127.0.0.1:65096 to /127.0.0.1:65097" [_thread_in_native, id=4688, stack(0x0000000019210000,0x0000000019310000)]
  0x00000000180a1000 JavaThread "Daemon" [_thread_blocked, id=3760, stack(0x0000000019110000,0x0000000019210000)]
  0x00000000181fe800 JavaThread "Daemon periodic checks" [_thread_blocked, id=972, stack(0x0000000019010000,0x0000000019110000)]
  0x00000000181f3000 JavaThread "Incoming local TCP Connector on port 65096" [_thread_in_native, id=4052, stack(0x0000000018e20000,0x0000000018f20000)]
  0x00000000159d6000 JavaThread "Service Thread" daemon [_thread_blocked, id=5464, stack(0x0000000016b70000,0x0000000016c70000)]
  0x000000001595b800 JavaThread "C1 CompilerThread1" daemon [_thread_blocked, id=4152, stack(0x0000000016a70000,0x0000000016b70000)]
=>0x0000000015958800 JavaThread "C2 CompilerThread0" daemon [_thread_in_native, id=7388, stack(0x0000000016970000,0x0000000016a70000)]
  0x0000000015957000 JavaThread "Attach Listener" daemon [_thread_blocked, id=6020, stack(0x0000000016870000,0x0000000016970000)]
  0x0000000015953800 JavaThread "Signal Dispatcher" daemon [_thread_blocked, id=6592, stack(0x0000000016770000,0x0000000016870000)]
  0x0000000015940800 JavaThread "Finalizer" daemon [_thread_blocked, id=3320, stack(0x0000000016590000,0x0000000016690000)]
  0x0000000015915000 JavaThread "Reference Handler" daemon [_thread_blocked, id=4144, stack(0x0000000016490000,0x0000000016590000)]
  0x0000000002132800 JavaThread "main" [_thread_blocked, id=6872, stack(0x0000000002030000,0x0000000002130000)]

Other Threads:
  0x000000001590d000 VMThread [stack: 0x0000000016390000,0x0000000016490000] [id=7396]
  0x0000000015993800 WatcherThread [stack: 0x0000000016c70000,0x0000000016d70000] [id=3800]

VM state:not at safepoint (normal execution)

VM Mutex/Monitor currently owned by a thread: None

Heap:
 PSYoungGen      total 100352K, used 57442K [0x00000000e0000000, 0x00000000e8800000, 0x0000000100000000)
  eden space 93184K, 54% used [0x00000000e0000000,0x00000000e3193fd0,0x00000000e5b00000)
  from space 7168K, 93% used [0x00000000e8100000,0x00000000e8784a20,0x00000000e8800000)
  to   space 8704K, 0% used [0x00000000e7700000,0x00000000e7700000,0x00000000e7f80000)
 ParOldGen       total 37888K, used 11033K [0x00000000a0000000, 0x00000000a2500000, 0x00000000e0000000)
  object space 37888K, 29% used [0x00000000a0000000,0x00000000a0ac65d0,0x00000000a2500000)
 Metaspace       used 29276K, capacity 29660K, committed 29952K, reserved 1075200K
  class space    used 4089K, capacity 4247K, committed 4352K, reserved 1048576K

Card table byte_map: [0x00000000115f0000,0x0000000011900000] byte_map_base: 0x00000000110f0000

Marking Bits: (ParMarkBitMap*) 0x0000000056b25aa0
 Begin Bits: [0x0000000011d00000, 0x0000000013500000)
 End Bits:   [0x0000000013500000, 0x0000000014d00000)

Polling page: 0x0000000001f90000

CodeCache: size=245760Kb used=9200Kb max_used=9200Kb free=236559Kb
 bounds [0x0000000002230000, 0x0000000002b40000, 0x0000000011230000]
 total_blobs=3065 nmethods=2398 adapters=581
 compilation: enabled

Compilation events (10 events):
Event: 15.387 Thread 0x000000001595b800 2438       1       org.gradle.api.internal.artifacts.ivyservice.resolveengine.graph.builder.NodeState::getOwner (5 bytes)
Event: 15.387 Thread 0x000000001595b800 nmethod 2438 0x0000000002b2f390 code [0x0000000002b2f4e0, 0x0000000002b2f5f0]
Event: 15.387 Thread 0x000000001595b800 2439       1       org.gradle.api.internal.artifacts.ivyservice.resolveengine.graph.builder.ComponentState::getResultId (5 bytes)
Event: 15.387 Thread 0x000000001595b800 nmethod 2439 0x0000000002b2f650 code [0x0000000002b2f7a0, 0x0000000002b2f8b0]
Event: 15.388 Thread 0x000000001595b800 2440       3       com.esotericsoftware.kryo.io.Output::writeInt (433 bytes)
Event: 15.389 Thread 0x000000001595b800 nmethod 2440 0x0000000002b2f910 code [0x0000000002b2fb00, 0x0000000002b30248]
Event: 15.389 Thread 0x000000001595b800 2442       1       org.gradle.api.internal.artifacts.ivyservice.resolveengine.graph.builder.ModuleResolveState::getSelected (5 bytes)
Event: 15.389 Thread 0x000000001595b800 nmethod 2442 0x0000000002b306d0 code [0x0000000002b30820, 0x0000000002b30930]
Event: 15.389 Thread 0x000000001595b800 2441       1       java.lang.Integer::intValue (5 bytes)
Event: 15.389 Thread 0x000000001595b800 nmethod 2441 0x0000000002b30990 code [0x0000000002b30ae0, 0x0000000002b30bf0]

GC Heap History (10 events):
Event: 5.769 GC heap before
{Heap before GC invocations=5 (full 0):
 PSYoungGen      total 34304K, used 34288K [0x00000000e0000000, 0x00000000e2400000, 0x0000000100000000)
  eden space 31744K, 100% used [0x00000000e0000000,0x00000000e1f00000,0x00000000e1f00000)
  from space 2560K, 99% used [0x00000000e2180000,0x00000000e23fc010,0x00000000e2400000)
  to   space 2560K, 0% used [0x00000000e1f00000,0x00000000e1f00000,0x00000000e2180000)
 ParOldGen       total 42496K, used 2397K [0x00000000a0000000, 0x00000000a2980000, 0x00000000e0000000)
  object space 42496K, 5% used [0x00000000a0000000,0x00000000a0257748,0x00000000a2980000)
 Metaspace       used 13870K, capacity 14204K, committed 14464K, reserved 1060864K
  class space    used 1929K, capacity 2060K, committed 2176K, reserved 1048576K
Event: 5.811 GC heap after
Heap after GC invocations=5 (full 0):
 PSYoungGen      total 34304K, used 2544K [0x00000000e0000000, 0x00000000e4a00000, 0x0000000100000000)
  eden space 31744K, 0% used [0x00000000e0000000,0x00000000e0000000,0x00000000e1f00000)
  from space 2560K, 99% used [0x00000000e1f00000,0x00000000e217c010,0x00000000e2180000)
  to   space 6144K, 0% used [0x00000000e4400000,0x00000000e4400000,0x00000000e4a00000)
 ParOldGen       total 42496K, used 5929K [0x00000000a0000000, 0x00000000a2980000, 0x00000000e0000000)
  object space 42496K, 13% used [0x00000000a0000000,0x00000000a05ca4c0,0x00000000a2980000)
 Metaspace       used 13870K, capacity 14204K, committed 14464K, reserved 1060864K
  class space    used 1929K, capacity 2060K, committed 2176K, reserved 1048576K
}
Event: 7.246 GC heap before
{Heap before GC invocations=6 (full 0):
 PSYoungGen      total 34304K, used 34288K [0x00000000e0000000, 0x00000000e4a00000, 0x0000000100000000)
  eden space 31744K, 100% used [0x00000000e0000000,0x00000000e1f00000,0x00000000e1f00000)
  from space 2560K, 99% used [0x00000000e1f00000,0x00000000e217c010,0x00000000e2180000)
  to   space 6144K, 0% used [0x00000000e4400000,0x00000000e4400000,0x00000000e4a00000)
 ParOldGen       total 42496K, used 5929K [0x00000000a0000000, 0x00000000a2980000, 0x00000000e0000000)
  object space 42496K, 13% used [0x00000000a0000000,0x00000000a05ca4c0,0x00000000a2980000)
 Metaspace       used 16963K, capacity 17364K, committed 17536K, reserved 1064960K
  class space    used 2453K, capacity 2576K, committed 2688K, reserved 1048576K
Event: 7.282 GC heap after
Heap after GC invocations=6 (full 0):
 PSYoungGen      total 68096K, used 6134K [0x00000000e0000000, 0x00000000e4d00000, 0x0000000100000000)
  eden space 61952K, 0% used [0x00000000e0000000,0x00000000e0000000,0x00000000e3c80000)
  from space 6144K, 99% used [0x00000000e4400000,0x00000000e49fd970,0x00000000e4a00000)
  to   space 7680K, 0% used [0x00000000e3c80000,0x00000000e3c80000,0x00000000e4400000)
 ParOldGen       total 42496K, used 6255K [0x00000000a0000000, 0x00000000a2980000, 0x00000000e0000000)
  object space 42496K, 14% used [0x00000000a0000000,0x00000000a061bc78,0x00000000a2980000)
 Metaspace       used 16963K, capacity 17364K, committed 17536K, reserved 1064960K
  class space    used 2453K, capacity 2576K, committed 2688K, reserved 1048576K
}
Event: 8.718 GC heap before
{Heap before GC invocations=7 (full 0):
 PSYoungGen      total 68096K, used 28156K [0x00000000e0000000, 0x00000000e4d00000, 0x0000000100000000)
  eden space 61952K, 35% used [0x00000000e0000000,0x00000000e1581898,0x00000000e3c80000)
  from space 6144K, 99% used [0x00000000e4400000,0x00000000e49fd970,0x00000000e4a00000)
  to   space 7680K, 0% used [0x00000000e3c80000,0x00000000e3c80000,0x00000000e4400000)
 ParOldGen       total 42496K, used 6255K [0x00000000a0000000, 0x00000000a2980000, 0x00000000e0000000)
  object space 42496K, 14% used [0x00000000a0000000,0x00000000a061bc78,0x00000000a2980000)
 Metaspace       used 20872K, capacity 21244K, committed 21248K, reserved 1067008K
  class space    used 2921K, capacity 3072K, committed 3072K, reserved 1048576K
Event: 8.746 GC heap after
Heap after GC invocations=7 (full 0):
 PSYoungGen      total 69632K, used 6334K [0x00000000e0000000, 0x00000000e8900000, 0x0000000100000000)
  eden space 61952K, 0% used [0x00000000e0000000,0x00000000e0000000,0x00000000e3c80000)
  from space 7680K, 82% used [0x00000000e3c80000,0x00000000e42afaa0,0x00000000e4400000)
  to   space 8192K, 0% used [0x00000000e8100000,0x00000000e8100000,0x00000000e8900000)
 ParOldGen       total 42496K, used 7007K [0x00000000a0000000, 0x00000000a2980000, 0x00000000e0000000)
  object space 42496K, 16% used [0x00000000a0000000,0x00000000a06d7cb8,0x00000000a2980000)
 Metaspace       used 20872K, capacity 21244K, committed 21248K, reserved 1067008K
  class space    used 2921K, capacity 3072K, committed 3072K, reserved 1048576K
}
Event: 8.746 GC heap before
{Heap before GC invocations=8 (full 1):
 PSYoungGen      total 69632K, used 6334K [0x00000000e0000000, 0x00000000e8900000, 0x0000000100000000)
  eden space 61952K, 0% used [0x00000000e0000000,0x00000000e0000000,0x00000000e3c80000)
  from space 7680K, 82% used [0x00000000e3c80000,0x00000000e42afaa0,0x00000000e4400000)
  to   space 8192K, 0% used [0x00000000e8100000,0x00000000e8100000,0x00000000e8900000)
 ParOldGen       total 42496K, used 7007K [0x00000000a0000000, 0x00000000a2980000, 0x00000000e0000000)
  object space 42496K, 16% used [0x00000000a0000000,0x00000000a06d7cb8,0x00000000a2980000)
 Metaspace       used 20872K, capacity 21244K, committed 21248K, reserved 1067008K
  class space    used 2921K, capacity 3072K, committed 3072K, reserved 1048576K
Event: 8.896 GC heap after
Heap after GC invocations=8 (full 1):
 PSYoungGen      total 69632K, used 0K [0x00000000e0000000, 0x00000000e8900000, 0x0000000100000000)
  eden space 61952K, 0% used [0x00000000e0000000,0x00000000e0000000,0x00000000e3c80000)
  from space 7680K, 0% used [0x00000000e3c80000,0x00000000e3c80000,0x00000000e4400000)
  to   space 8192K, 0% used [0x00000000e8100000,0x00000000e8100000,0x00000000e8900000)
 ParOldGen       total 37888K, used 11025K [0x00000000a0000000, 0x00000000a2500000, 0x00000000e0000000)
  object space 37888K, 29% used [0x00000000a0000000,0x00000000a0ac45d0,0x00000000a2500000)
 Metaspace       used 20872K, capacity 21244K, committed 21248K, reserved 1067008K
  class space    used 2921K, capacity 3072K, committed 3072K, reserved 1048576K
}
Event: 13.246 GC heap before
{Heap before GC invocations=9 (full 1):
 PSYoungGen      total 69632K, used 61952K [0x00000000e0000000, 0x00000000e8900000, 0x0000000100000000)
  eden space 61952K, 100% used [0x00000000e0000000,0x00000000e3c80000,0x00000000e3c80000)
  from space 7680K, 0% used [0x00000000e3c80000,0x00000000e3c80000,0x00000000e4400000)
  to   space 8192K, 0% used [0x00000000e8100000,0x00000000e8100000,0x00000000e8900000)
 ParOldGen       total 37888K, used 11025K [0x00000000a0000000, 0x00000000a2500000, 0x00000000e0000000)
  object space 37888K, 29% used [0x00000000a0000000,0x00000000a0ac45d0,0x00000000a2500000)
 Metaspace       used 26541K, capacity 26966K, committed 27136K, reserved 1073152K
  class space    used 3630K, capacity 3797K, committed 3840K, reserved 1048576K
Event: 13.283 GC heap after
Heap after GC invocations=9 (full 1):
 PSYoungGen      total 100352K, used 6674K [0x00000000e0000000, 0x00000000e8800000, 0x0000000100000000)
  eden space 93184K, 0% used [0x00000000e0000000,0x00000000e0000000,0x00000000e5b00000)
  from space 7168K, 93% used [0x00000000e8100000,0x00000000e8784a20,0x00000000e8800000)
  to   space 8704K, 0% used [0x00000000e7700000,0x00000000e7700000,0x00000000e7f80000)
 ParOldGen       total 37888K, used 11033K [0x00000000a0000000, 0x00000000a2500000, 0x00000000e0000000)
  object space 37888K, 29% used [0x00000000a0000000,0x00000000a0ac65d0,0x00000000a2500000)
 Metaspace       used 26541K, capacity 26966K, committed 27136K, reserved 1073152K
  class space    used 3630K, capacity 3797K, committed 3840K, reserved 1048576K
}

Deoptimization events (10 events):
Event: 11.156 Thread 0x0000000018169000 Uncommon trap: reason=unstable_if action=reinterpret pc=0x000000000268741c method=java.util.HashMap.putVal(ILjava/lang/Object;Ljava/lang/Object;ZZ)Ljava/lang/Object; @ 85
Event: 11.292 Thread 0x0000000018169000 Uncommon trap: reason=class_check action=maybe_recompile pc=0x00000000027add80 method=java.lang.reflect.Method.equals(Ljava/lang/Object;)Z @ 5
Event: 11.300 Thread 0x0000000018169000 Uncommon trap: reason=class_check action=maybe_recompile pc=0x00000000027add80 method=java.lang.reflect.Method.equals(Ljava/lang/Object;)Z @ 5
Event: 11.672 Thread 0x0000000018169000 Uncommon trap: reason=unstable_if action=reinterpret pc=0x0000000002636cb0 method=java.util.LinkedHashMap.afterNodeInsertion(Z)V @ 1
Event: 11.779 Thread 0x0000000018169000 Uncommon trap: reason=class_check action=maybe_recompile pc=0x00000000027add80 method=java.lang.reflect.Method.equals(Ljava/lang/Object;)Z @ 5
Event: 11.780 Thread 0x0000000018169000 Uncommon trap: reason=class_check action=maybe_recompile pc=0x00000000027add80 method=java.lang.reflect.Method.equals(Ljava/lang/Object;)Z @ 5
Event: 12.389 Thread 0x0000000018169000 Uncommon trap: reason=class_check action=maybe_recompile pc=0x00000000027b6958 method=sun.misc.URLClassPath.getLoader(I)Lsun/misc/URLClassPath$Loader; @ 94
Event: 13.020 Thread 0x0000000018169000 Uncommon trap: reason=unstable_if action=reinterpret pc=0x00000000024adf7c method=java.io.WinNTFileSystem.resolve(Ljava/lang/String;Ljava/lang/String;)Ljava/lang/String; @ 49
Event: 13.284 Thread 0x0000000015915000 Uncommon trap: reason=unstable_if action=reinterpret pc=0x00000000027c5878 method=java.lang.ref.Reference.tryHandlePending(Z)Z @ 104
Event: 14.669 Thread 0x0000000018169000 Uncommon trap: reason=unstable_if action=reinterpret pc=0x0000000002a060e0 method=java.net.URI.match(CJJ)Z @ 45

Classes redefined (0 events):
No events

Internal exceptions (10 events):
Event: 13.295 Thread 0x0000000018169000 Exception <a 'java/lang/ClassNotFoundException': org/gradle/api/internal/DefaultDomainObjectCollectionCustomizer> (0x00000000e008ce50) thrown at [D:\src\AOSP-openjdk-cygwin\jdk8u\hotspot\src\share\vm\classfile\systemDictionary.cpp, line 210]
Event: 13.331 Thread 0x0000000018169000 Exception <a 'java/lang/ClassNotFoundException': org/gradle/api/internal/DefaultNamedDomainObjectCollectionCustomizer> (0x00000000e00e4958) thrown at [D:\src\AOSP-openjdk-cygwin\jdk8u\hotspot\src\share\vm\classfile\systemDictionary.cpp, line 210]
Event: 13.341 Thread 0x0000000018169000 Exception <a 'java/lang/ClassNotFoundException': org/gradle/api/internal/DefaultNamedDomainObjectListCustomizer> (0x00000000e013df20) thrown at [D:\src\AOSP-openjdk-cygwin\jdk8u\hotspot\src\share\vm\classfile\systemDictionary.cpp, line 210]
Event: 13.353 Thread 0x0000000018169000 Exception <a 'java/lang/ClassNotFoundException': org/gradle/api/internal/artifacts/DefaultArtifactRepositoryContainerCustomizer> (0x00000000e01bf7f8) thrown at [D:\src\AOSP-openjdk-cygwin\jdk8u\hotspot\src\share\vm\classfile\systemDictionary.cpp, line 210
Event: 13.362 Thread 0x0000000018169000 Exception <a 'java/lang/ClassNotFoundException': org/gradle/api/internal/artifacts/dsl/DefaultRepositoryHandlerCustomizer> (0x00000000e02217e0) thrown at [D:\src\AOSP-openjdk-cygwin\jdk8u\hotspot\src\share\vm\classfile\systemDictionary.cpp, line 210]
Event: 13.367 Thread 0x0000000018169000 Exception <a 'java/lang/ClassNotFoundException': org/gradle/api/internal/artifacts/dsl/DefaultRepositoryHandler_DecoratedCustomizer> (0x00000000e028c538) thrown at [D:\src\AOSP-openjdk-cygwin\jdk8u\hotspot\src\share\vm\classfile\systemDictionary.cpp, line
Event: 14.454 Thread 0x0000000018169000 Exception <a 'java/lang/ClassNotFoundException': org/gradle/api/internal/artifacts/dsl/dependencies/DefaultDependencyHandler_DecoratedBeanInfo> (0x00000000e17d1a80) thrown at [D:\src\AOSP-openjdk-cygwin\jdk8u\hotspot\src\share\vm\classfile\systemDictionar
Event: 14.455 Thread 0x0000000018169000 Exception <a 'java/lang/ClassNotFoundException': org/gradle/api/internal/artifacts/dsl/dependencies/DefaultDependencyHandlerBeanInfo> (0x00000000e181f220) thrown at [D:\src\AOSP-openjdk-cygwin\jdk8u\hotspot\src\share\vm\classfile\systemDictionary.cpp, lin
Event: 14.457 Thread 0x0000000018169000 Exception <a 'java/lang/ClassNotFoundException': org/gradle/api/internal/artifacts/dsl/dependencies/DefaultDependencyHandlerCustomizer> (0x00000000e186d820) thrown at [D:\src\AOSP-openjdk-cygwin\jdk8u\hotspot\src\share\vm\classfile\systemDictionary.cpp, l
Event: 14.462 Thread 0x0000000018169000 Exception <a 'java/lang/ClassNotFoundException': org/gradle/api/internal/artifacts/dsl/dependencies/DefaultDependencyHandler_DecoratedCustomizer> (0x00000000e18e3af0) thrown at [D:\src\AOSP-openjdk-cygwin\jdk8u\hotspot\src\share\vm\classfile\systemDiction

Events (10 events):
Event: 15.236 loading class org/gradle/api/internal/artifacts/ivyservice/resolveengine/result/ComponentSelectorSerializer$Implementation
Event: 15.236 loading class org/gradle/api/internal/artifacts/ivyservice/resolveengine/result/ComponentSelectorSerializer$Implementation done
Event: 15.240 loading class org/gradle/api/internal/artifacts/ivyservice/resolveengine/result/StreamingResolutionResultBuilder$2
Event: 15.240 loading class org/gradle/api/internal/artifacts/ivyservice/resolveengine/result/StreamingResolutionResultBuilder$2 done
Event: 15.242 loading class org/gradle/api/internal/artifacts/ivyservice/resolveengine/oldresult/TransientConfigurationResultsBuilder$1
Event: 15.242 loading class org/gradle/api/internal/artifacts/ivyservice/resolveengine/oldresult/TransientConfigurationResultsBuilder$1 done
Event: 15.377 loading class org/gradle/api/internal/artifacts/ivyservice/resolveengine/oldresult/TransientConfigurationResultsBuilder$3
Event: 15.377 loading class org/gradle/api/internal/artifacts/ivyservice/resolveengine/oldresult/TransientConfigurationResultsBuilder$3 done
Event: 15.389 loading class org/gradle/api/internal/artifacts/ivyservice/resolveengine/result/StreamingResolutionResultBuilder$4
Event: 15.389 loading class org/gradle/api/internal/artifacts/ivyservice/resolveengine/result/StreamingResolutionResultBuilder$4 done


Dynamic libraries:
0x00007ff6f9390000 - 0x00007ff6f93c1000 	C:\Program Files\Android\Android Studio\jre\bin\java.exe
0x00007ff8970c0000 - 0x00007ff897269000 	C:\Windows\SYSTEM32\ntdll.dll
0x00007ff896da0000 - 0x00007ff896eda000 	C:\Windows\system32\KERNEL32.DLL
0x00007ff8946f0000 - 0x00007ff8947ff000 	C:\Windows\system32\KERNELBASE.dll
0x00007ff8968d0000 - 0x00007ff896975000 	C:\Windows\system32\ADVAPI32.dll
0x00007ff896c20000 - 0x00007ff896d91000 	C:\Windows\system32\USER32.dll
0x00007ff892060000 - 0x00007ff8922ba000 	C:\Windows\WinSxS\amd64_microsoft.windows.common-controls_6595b64144ccf1df_6.0.9600.16384_none_62475f7becb72503\COMCTL32.dll
0x00007ff897010000 - 0x00007ff8970b7000 	C:\Windows\system32\msvcrt.dll
0x00007ff894c30000 - 0x00007ff894c87000 	C:\Windows\SYSTEM32\sechost.dll
0x00007ff894ca0000 - 0x00007ff894dd6000 	C:\Windows\system32\RPCRT4.dll
0x00007ff894ae0000 - 0x00007ff894c25000 	C:\Windows\system32\GDI32.dll
0x00007ff896f10000 - 0x00007ff896f44000 	C:\Windows\system32\IMM32.DLL
0x00007ff894ef0000 - 0x00007ff895029000 	C:\Windows\system32\MSCTF.dll
0x00000000561a0000 - 0x0000000056272000 	C:\Program Files\Android\Android Studio\jre\jre\bin\msvcr100.dll
0x0000000056360000 - 0x0000000056ba1000 	C:\Program Files\Android\Android Studio\jre\jre\bin\server\jvm.dll
0x00007ff88bb20000 - 0x00007ff88bb29000 	C:\Windows\SYSTEM32\WSOCK32.dll
0x00007ff889820000 - 0x00007ff88983f000 	C:\Windows\SYSTEM32\WINMM.dll
0x00007ff889480000 - 0x00007ff88948a000 	C:\Windows\SYSTEM32\VERSION.dll
0x00007ff894c90000 - 0x00007ff894c97000 	C:\Windows\system32\PSAPI.DLL
0x00007ff894de0000 - 0x00007ff894e38000 	C:\Windows\system32\WS2_32.dll
0x00007ff8897e0000 - 0x00007ff88980a000 	C:\Windows\SYSTEM32\WINMMBASE.dll
0x00007ff8968c0000 - 0x00007ff8968c9000 	C:\Windows\system32\NSI.dll
0x00007ff8948b0000 - 0x00007ff8948fa000 	C:\Windows\SYSTEM32\cfgmgr32.dll
0x00007ff8932d0000 - 0x00007ff8932f6000 	C:\Windows\SYSTEM32\DEVOBJ.dll
0x00007ff88f810000 - 0x00007ff88f81f000 	C:\Program Files\Android\Android Studio\jre\jre\bin\verify.dll
0x00007ff88b090000 - 0x00007ff88b0b9000 	C:\Program Files\Android\Android Studio\jre\jre\bin\java.dll
0x00007ff88c730000 - 0x00007ff88c746000 	C:\Program Files\Android\Android Studio\jre\jre\bin\zip.dll
0x00007ff895090000 - 0x00007ff89649e000 	C:\Windows\system32\SHELL32.dll
0x00007ff8966e0000 - 0x00007ff8968b7000 	C:\Windows\SYSTEM32\combase.dll
0x00007ff895030000 - 0x00007ff895081000 	C:\Windows\system32\SHLWAPI.dll
0x00007ff892a90000 - 0x00007ff892b31000 	C:\Windows\SYSTEM32\SHCORE.dll
0x00007ff894440000 - 0x00007ff894454000 	C:\Windows\SYSTEM32\profapi.dll
0x00007ff88c200000 - 0x00007ff88c21a000 	C:\Program Files\Android\Android Studio\jre\jre\bin\net.dll
0x00007ff893ca0000 - 0x00007ff893cf8000 	C:\Windows\system32\mswsock.dll
0x00007ff88aab0000 - 0x00007ff88aac1000 	C:\Program Files\Android\Android Studio\jre\jre\bin\nio.dll
0x00007ff88bd80000 - 0x00007ff88bd9e000 	C:\Users\user\.gradle\native\25\windows-amd64\native-platform.dll
0x00007ff88f7e0000 - 0x00007ff88f7ed000 	C:\Program Files\Android\Android Studio\jre\jre\bin\management.dll
0x00007ff893d00000 - 0x00007ff893d1e000 	C:\Windows\SYSTEM32\CRYPTSP.dll
0x00007ff893940000 - 0x00007ff893975000 	C:\Windows\system32\rsaenh.dll
0x00007ff893f30000 - 0x00007ff893f56000 	C:\Windows\SYSTEM32\bcrypt.dll
0x00007ff893a50000 - 0x00007ff893a6f000 	C:\Windows\SYSTEM32\USERENV.dll
0x00007ff894250000 - 0x00007ff8942ae000 	C:\Windows\system32\bcryptprimitives.dll
0x00007ff8943b0000 - 0x00007ff8943ba000 	C:\Windows\SYSTEM32\CRYPTBASE.dll
0x00007ff88eb10000 - 0x00007ff88eb39000 	C:\Windows\SYSTEM32\IPHLPAPI.DLL
0x00007ff88eaf0000 - 0x00007ff88eafa000 	C:\Windows\SYSTEM32\WINNSI.DLL
0x00007ff88e650000 - 0x00007ff88e664000 	C:\Windows\SYSTEM32\dhcpcsvc6.DLL
0x00007ff88e630000 - 0x00007ff88e649000 	C:\Windows\SYSTEM32\dhcpcsvc.DLL

VM Arguments:
jvm_args: -Xmx1536m -Dfile.encoding=windows-1252 -Duser.country=US -Duser.language=en -Duser.variant 
java_command: org.gradle.launcher.daemon.bootstrap.GradleDaemon 4.6
java_class_path (initial): C:\Users\user\.gradle\wrapper\dists\gradle-4.6-all\bcst21l2brirad8k2ben1letg\gradle-4.6\lib\gradle-launcher-4.6.jar
Launcher Type: SUN_STANDARD

Environment Variables:
PATH=C:\Program Files (x86)\Common Files\Oracle\Java\javapath;C:\Windows\system32;C:\Windows;C:\Windows\System32\Wbem;C:\Windows\System32\WindowsPowerShell\v1.0\
USERNAME=user
OS=Windows_NT
PROCESSOR_IDENTIFIER=Intel64 Family 6 Model 76 Stepping 4, GenuineIntel



---------------  S Y S T E M  ---------------

OS: Windows 8.1 , 64 bit Build 9600 (6.3.9600.16384)

CPU:total 2 (initial active 2) (2 cores per cpu, 1 threads per core) family 6 model 76 stepping 4, cmov, cx8, fxsr, mmx, sse, sse2, sse3, ssse3, sse4.1, sse4.2, popcnt, aes, clmul, erms, 3dnowpref, tsc, tscinvbit

Memory: 4k page, physical 4037340k(805900k free), swap 6037856k(5368k free)

vm_info: OpenJDK 64-Bit Server VM (25.152-b06) for windows-amd64 JRE (1.8.0_152-release-1136-b06), built by "builder" with MS VC++ 10.0 (VS2010)

time: Wed Feb 20 15:20:23 2019
elapsed time: 15 seconds (0d 0h 0m 15s)

